<?xml version="1.0" encoding="UTF-8"?>
<!-- Generated by org.testng.reporters.JUnitXMLReporter -->
<testsuite ignored="0" hostname="SandhyaShiva" failures="0" tests="3" name="Default test" time="0.088" errors="0" timestamp="2023-10-19T14:01:36 IST">
  <testcase classname="TestNG.DtaProvidersPackage" name="bookTicketTest" time="0.006"/>
  <testcase classname="TestNG.DtaProvidersPackage" name="bookTicketTest" time="0.002"/>
  <testcase classname="TestNG.DtaProvidersPackage" name="bookTicketTest" time="0.008"/>
</testsuite> <!-- Default test -->
