<?xml version="1.0" encoding="UTF-8"?>
<!-- Generated by org.testng.reporters.JUnitXMLReporter -->
<testsuite ignored="0" hostname="SandhyaShiva" failures="0" tests="6" name="Test" time="0.126" errors="0" timestamp="2023-11-02T06:27:28 IST">
  <testcase classname="batchexecution.TestClass1" name="demo1" time="0.011"/>
  <testcase classname="batchexecution.TestClass1" name="demo2" time="0.002"/>
  <testcase classname="batchexecution.TestClass2" name="demo1" time="0.005"/>
  <testcase classname="batchexecution.TestClass2" name="demo2" time="0.004"/>
  <testcase classname="batchexecution.TestClass3" name="demo1" time="0.007"/>
  <testcase classname="batchexecution.TestClass3" name="demo2" time="0.006"/>
</testsuite> <!-- Test -->
