<?xml version="1.0" encoding="UTF-8"?>
<!-- Generated by org.testng.reporters.JUnitXMLReporter -->
<testsuite ignored="0" hostname="SandhyaShiva" failures="0" tests="4" name="Test Runner 3" time="0.173" errors="0" timestamp="2023-10-18T19:10:10 IST">
  <testcase classname="parallel.TestClasses5" name="demo1" time="0.013"/>
  <testcase classname="parallel.TestClasses5" name="demo2" time="0.002"/>
  <testcase classname="parallel.TestClasses6" name="demo1" time="0.009"/>
  <testcase classname="parallel.TestClasses6" name="demo2" time="0.002"/>
</testsuite> <!-- Test Runner 3 -->
