<?xml version="1.0" encoding="UTF-8"?>
<!-- Generated by org.testng.reporters.JUnitXMLReporter -->
<testsuite ignored="0" hostname="SandhyaShiva" failures="0" tests="4" name="Test Runner 1" time="0.162" errors="0" timestamp="2023-10-18T19:10:10 IST">
  <testcase classname="parallel.TestClasses1" name="demo1" time="0.019"/>
  <testcase classname="parallel.TestClasses1" name="demo2" time="0.005"/>
  <testcase classname="parallel.TestClasses2" name="demo1" time="0.003"/>
  <testcase classname="parallel.TestClasses2" name="demo2" time="0.01"/>
</testsuite> <!-- Test Runner 1 -->
