<?xml version="1.0" encoding="UTF-8"?>
<!-- Generated by org.testng.reporters.JUnitXMLReporter -->
<testsuite ignored="0" hostname="SandhyaShiva" failures="0" tests="4" name="Test Runner 2" time="0.158" errors="0" timestamp="2023-10-18T19:10:10 IST">
  <testcase classname="parallel.TestClasses3" name="demo1" time="0.018"/>
  <testcase classname="parallel.TestClasses3" name="demo2" time="0.003"/>
  <testcase classname="parallel.TestClasses4" name="demo1" time="0.02"/>
  <testcase classname="parallel.TestClasses4" name="demo2" time="0.014"/>
</testsuite> <!-- Test Runner 2 -->
