<?xml version="1.0" encoding="UTF-8"?>
<testng-results ignored="0" total="6" passed="6" failed="0" skipped="0">
  <reporter-output>
  </reporter-output>
  <suite started-at="2023-11-02T06:27:28 IST" name="Suite" finished-at="2023-11-02T06:27:28 IST" duration-ms="126">
    <groups>
    </groups>
    <test started-at="2023-11-02T06:27:28 IST" name="Test" finished-at="2023-11-02T06:27:28 IST" duration-ms="126">
      <class name="batchexecution.TestClass1">
        <test-method signature="demo1()[pri:0, instance:batchexecution.TestClass1@4ec4f3a0]" started-at="2023-11-02T06:27:28 IST" name="demo1" finished-at="2023-11-02T06:27:28 IST" duration-ms="11" status="PASS">
          <reporter-output>
          </reporter-output>
        </test-method> <!-- demo1 -->
        <test-method signature="demo2()[pri:0, instance:batchexecution.TestClass1@4ec4f3a0]" started-at="2023-11-02T06:27:28 IST" name="demo2" finished-at="2023-11-02T06:27:28 IST" duration-ms="2" status="PASS">
          <reporter-output>
          </reporter-output>
        </test-method> <!-- demo2 -->
      </class> <!-- batchexecution.TestClass1 -->
      <class name="batchexecution.TestClass2">
        <test-method signature="demo1()[pri:0, instance:batchexecution.TestClass2@72967906]" started-at="2023-11-02T06:27:28 IST" name="demo1" finished-at="2023-11-02T06:27:28 IST" duration-ms="5" status="PASS">
          <reporter-output>
          </reporter-output>
        </test-method> <!-- demo1 -->
        <test-method signature="demo2()[pri:0, instance:batchexecution.TestClass2@72967906]" started-at="2023-11-02T06:27:28 IST" name="demo2" finished-at="2023-11-02T06:27:28 IST" duration-ms="4" status="PASS">
          <reporter-output>
          </reporter-output>
        </test-method> <!-- demo2 -->
      </class> <!-- batchexecution.TestClass2 -->
      <class name="batchexecution.TestClass3">
        <test-method signature="demo1()[pri:0, instance:batchexecution.TestClass3@5b8dfcc1]" started-at="2023-11-02T06:27:28 IST" name="demo1" finished-at="2023-11-02T06:27:28 IST" duration-ms="7" status="PASS">
          <reporter-output>
          </reporter-output>
        </test-method> <!-- demo1 -->
        <test-method signature="demo2()[pri:0, instance:batchexecution.TestClass3@5b8dfcc1]" started-at="2023-11-02T06:27:28 IST" name="demo2" finished-at="2023-11-02T06:27:28 IST" duration-ms="6" status="PASS">
          <reporter-output>
          </reporter-output>
        </test-method> <!-- demo2 -->
      </class> <!-- batchexecution.TestClass3 -->
    </test> <!-- Test -->
  </suite> <!-- Suite -->
</testng-results>
